d:\univer\sp\os_lab14\os14_htcom\x64\debug\os14_htcom.pch
d:\univer\sp\os_lab14\os14_htcom\x64\debug\vc143.pdb
d:\univer\sp\os_lab14\os14_htcom\x64\debug\vc143.idb
d:\univer\sp\os_lab14\os14_htcom\x64\debug\pch.obj
d:\univer\sp\os_lab14\os14_htcom\x64\debug\registry.obj
d:\univer\sp\os_lab14\os14_htcom\x64\debug\exportfunctions.obj
d:\univer\sp\os_lab14\os14_htcom\x64\debug\dllmain.obj
d:\univer\sp\os_lab14\os14_htcom\x64\debug\componentht.obj
d:\univer\sp\os_lab14\os14_htcom\x64\debug\classfactory.obj
d:\univer\sp\os_lab14\os14_htcom\x64\debug\os14_htcom.ilk
d:\univer\sp\os_lab14\x64\debug\os14_htcom.dll
d:\univer\sp\os_lab14\x64\debug\os14_htcom.pdb
d:\univer\sp\os_lab14\x64\debug\os14_htcom.lib
d:\univer\sp\os_lab14\x64\debug\os14_htcom.exp
d:\univer\sp\os_lab14\os14_htcom\x64\debug\os14_htcom.tlog\cl.command.1.tlog
d:\univer\sp\os_lab14\os14_htcom\x64\debug\os14_htcom.tlog\cl.items.tlog
d:\univer\sp\os_lab14\os14_htcom\x64\debug\os14_htcom.tlog\cl.read.1.tlog
d:\univer\sp\os_lab14\os14_htcom\x64\debug\os14_htcom.tlog\cl.write.1.tlog
d:\univer\sp\os_lab14\os14_htcom\x64\debug\os14_htcom.tlog\link.command.1.tlog
d:\univer\sp\os_lab14\os14_htcom\x64\debug\os14_htcom.tlog\link.read.1.tlog
d:\univer\sp\os_lab14\os14_htcom\x64\debug\os14_htcom.tlog\link.write.1.tlog
d:\univer\sp\os_lab14\os14_htcom\x64\debug\os14_htcom.tlog\link.write.2u.tlog
