d:\univer\sp\lab2\sp02_com\debug\sp02_com.pch
d:\univer\sp\lab2\sp02_com\debug\vc143.pdb
d:\univer\sp\lab2\sp02_com\debug\vc143.idb
d:\univer\sp\lab2\sp02_com\debug\pch.obj
d:\univer\sp\lab2\sp02_com\debug\sp02.obj
d:\univer\sp\lab2\sp02_com\debug\registry.obj
d:\univer\sp\lab2\sp02_com\debug\mathfactory.obj
d:\univer\sp\lab2\sp02_com\debug\dllmain.obj
e:\3course\5sem\sp\lab2\debug\sp02_com.lib
e:\3course\5sem\sp\lab2\debug\sp02_com.exp
d:\univer\sp\lab2\debug\sp02_com.lib
d:\univer\sp\lab2\debug\sp02_com.exp
d:\univer\sp\lab2\sp02_com\debug\sp02_com.ilk
d:\univer\sp\lab2\debug\sp02_com.dll
d:\univer\sp\lab2\debug\sp02_com.pdb
d:\univer\sp\lab2\sp02_com\debug\sp02_com.tlog\cl.command.1.tlog
d:\univer\sp\lab2\sp02_com\debug\sp02_com.tlog\cl.items.tlog
d:\univer\sp\lab2\sp02_com\debug\sp02_com.tlog\cl.read.1.tlog
d:\univer\sp\lab2\sp02_com\debug\sp02_com.tlog\cl.write.1.tlog
d:\univer\sp\lab2\sp02_com\debug\sp02_com.tlog\link.command.1.tlog
d:\univer\sp\lab2\sp02_com\debug\sp02_com.tlog\link.read.1.tlog
d:\univer\sp\lab2\sp02_com\debug\sp02_com.tlog\link.write.1.tlog
d:\univer\sp\lab2\sp02_com\debug\sp02_com.tlog\link.write.2u.tlog
